<?xml version="1.0" encoding="UTF-8"?>
<!-- Generated by org.testng.reporters.JUnitReportReporter -->
<testsuite name="Frames.verifyloginpage" tests="1" time="92.417" ignored="0" failures="0" timestamp="19 May 2020 13:18:59 GMT" skipped="0" hostname="DESKTOP-SNC1F2U" errors="0">
  <testcase name="enterinvalidcreds" time="92.417" classname="Frames.verifyloginpage"/>
</testsuite> <!-- Frames.verifyloginpage -->
